
> neurox-frontend@0.0.0 dev
> vite --host


  VITE v5.4.21  ready in 277 ms

  ➜  Local:   http://localhost:5174/
  ➜  Network: http://192.168.29.127:5174/
12:33:11 AM [vite] hmr update /src/pages/RecruiterDashboard.jsx, /src/index.css
12:33:11 AM [vite] Internal server error: /Users/sandesara/Desktop/11-03-2026/NeuroX-main(final)/frontend/src/pages/RecruiterDashboard.jsx: Identifier 'Eye' has already been declared. (9:11)

   7 |     Search, Filter, ExternalLink, Zap, Lock, Unlock,
   8 |     MoreVertical, Download, Eye, Terminal, Cpu, Shield,
>  9 |     Clock, Eye, ChevronDown, ChevronUp, AlertTriangle, CheckCircle, XCircle, Monitor, Wifi
     |            ^
  10 | } from "lucide-react";
  11 | import ManualQuestionModal from '../components/ManualQuestionModal';
  12 | import HRCharts from '../components/HRCharts';
  Plugin: vite:react-babel
  File: /Users/sandesara/Desktop/11-03-2026/NeuroX-main(final)/frontend/src/pages/RecruiterDashboard.jsx:9:11
  7  |      Search, Filter, ExternalLink, Zap, Lock, Unlock,
  8  |      MoreVertical, Download, Eye, Terminal, Cpu, Shield,
  9  |      Clock, Eye, ChevronDown, ChevronUp, AlertTriangle, CheckCircle, XCircle, Monitor, Wifi
     |             ^
  10 |  } from "lucide-react";
  11 |  import ManualQuestionModal from '../components/ManualQuestionModal';
      at constructor (/Users/sandesara/Desktop/11-03-2026/NeuroX-main(final)/frontend/node_modules/@babel/parser/lib/index.js:365:19)
      at JSXParserMixin.raise (/Users/sandesara/Desktop/11-03-2026/NeuroX-main(final)/frontend/node_modules/@babel/parser/lib/index.js:6599:19)
      at ScopeHandler.checkRedeclarationInScope (/Users/sandesara/Desktop/11-03-2026/NeuroX-main(final)/frontend/node_modules/@babel/parser/lib/index.js:1619:19)
      at ScopeHandler.declareName (/Users/sandesara/Desktop/11-03-2026/NeuroX-main(final)/frontend/node_modules/@babel/parser/lib/index.js:1585:12)
      at JSXParserMixin.declareNameFromIdentifier (/Users/sandesara/Desktop/11-03-2026/NeuroX-main(final)/frontend/node_modules/@babel/parser/lib/index.js:7567:16)
      at JSXParserMixin.checkIdentifier (/Users/sandesara/Desktop/11-03-2026/NeuroX-main(final)/frontend/node_modules/@babel/parser/lib/index.js:7563:12)
      at JSXParserMixin.checkLVal (/Users/sandesara/Desktop/11-03-2026/NeuroX-main(final)/frontend/node_modules/@babel/parser/lib/index.js:7500:12)
      at JSXParserMixin.finishImportSpecifier (/Users/sandesara/Desktop/11-03-2026/NeuroX-main(final)/frontend/node_modules/@babel/parser/lib/index.js:14266:10)
      at JSXParserMixin.parseImportSpecifier (/Users/sandesara/Desktop/11-03-2026/NeuroX-main(final)/frontend/node_modules/@babel/parser/lib/index.js:14419:17)
      at JSXParserMixin.parseNamedImportSpecifiers (/Users/sandesara/Desktop/11-03-2026/NeuroX-main(final)/frontend/node_modules/@babel/parser/lib/index.js:14398:36)
      at JSXParserMixin.parseImportSpecifiersAndAfter (/Users/sandesara/Desktop/11-03-2026/NeuroX-main(final)/frontend/node_modules/@babel/parser/lib/index.js:14242:37)
      at JSXParserMixin.parseImport (/Users/sandesara/Desktop/11-03-2026/NeuroX-main(final)/frontend/node_modules/@babel/parser/lib/index.js:14235:17)
      at JSXParserMixin.parseStatementContent (/Users/sandesara/Desktop/11-03-2026/NeuroX-main(final)/frontend/node_modules/@babel/parser/lib/index.js:12876:27)
      at JSXParserMixin.parseStatementLike (/Users/sandesara/Desktop/11-03-2026/NeuroX-main(final)/frontend/node_modules/@babel/parser/lib/index.js:12767:17)
      at JSXParserMixin.parseModuleItem (/Users/sandesara/Desktop/11-03-2026/NeuroX-main(final)/frontend/node_modules/@babel/parser/lib/index.js:12744:17)
      at JSXParserMixin.parseBlockOrModuleBlockBody (/Users/sandesara/Desktop/11-03-2026/NeuroX-main(final)/frontend/node_modules/@babel/parser/lib/index.js:13316:36)
      at JSXParserMixin.parseBlockBody (/Users/sandesara/Desktop/11-03-2026/NeuroX-main(final)/frontend/node_modules/@babel/parser/lib/index.js:13309:10)
      at JSXParserMixin.parseProgram (/Users/sandesara/Desktop/11-03-2026/NeuroX-main(final)/frontend/node_modules/@babel/parser/lib/index.js:12622:10)
      at JSXParserMixin.parseTopLevel (/Users/sandesara/Desktop/11-03-2026/NeuroX-main(final)/frontend/node_modules/@babel/parser/lib/index.js:12612:25)
      at JSXParserMixin.parse (/Users/sandesara/Desktop/11-03-2026/NeuroX-main(final)/frontend/node_modules/@babel/parser/lib/index.js:14488:25)
      at parse (/Users/sandesara/Desktop/11-03-2026/NeuroX-main(final)/frontend/node_modules/@babel/parser/lib/index.js:14522:38)
      at parser (/Users/sandesara/Desktop/11-03-2026/NeuroX-main(final)/frontend/node_modules/@babel/core/lib/parser/index.js:41:34)
      at parser.next (<anonymous>)
      at normalizeFile (/Users/sandesara/Desktop/11-03-2026/NeuroX-main(final)/frontend/node_modules/@babel/core/lib/transformation/normalize-file.js:64:37)
      at normalizeFile.next (<anonymous>)
      at run (/Users/sandesara/Desktop/11-03-2026/NeuroX-main(final)/frontend/node_modules/@babel/core/lib/transformation/index.js:22:50)
      at run.next (<anonymous>)
      at transform (/Users/sandesara/Desktop/11-03-2026/NeuroX-main(final)/frontend/node_modules/@babel/core/lib/transform.js:22:33)
      at transform.next (<anonymous>)
      at step (/Users/sandesara/Desktop/11-03-2026/NeuroX-main(final)/frontend/node_modules/gensync/index.js:261:32)
      at /Users/sandesara/Desktop/11-03-2026/NeuroX-main(final)/frontend/node_modules/gensync/index.js:273:13
      at async.call.result.err.err (/Users/sandesara/Desktop/11-03-2026/NeuroX-main(final)/frontend/node_modules/gensync/index.js:223:11)
      at /Users/sandesara/Desktop/11-03-2026/NeuroX-main(final)/frontend/node_modules/gensync/index.js:189:28
      at /Users/sandesara/Desktop/11-03-2026/NeuroX-main(final)/frontend/node_modules/@babel/core/lib/gensync-utils/async.js:67:7
      at /Users/sandesara/Desktop/11-03-2026/NeuroX-main(final)/frontend/node_modules/gensync/index.js:113:33
      at step (/Users/sandesara/Desktop/11-03-2026/NeuroX-main(final)/frontend/node_modules/gensync/index.js:287:14)
      at /Users/sandesara/Desktop/11-03-2026/NeuroX-main(final)/frontend/node_modules/gensync/index.js:273:13
      at async.call.result.err.err (/Users/sandesara/Desktop/11-03-2026/NeuroX-main(final)/frontend/node_modules/gensync/index.js:223:11)
12:33:13 AM [vite] hmr update /src/pages/AdminDashboard.jsx, /src/index.css
12:35:14 AM [vite] Pre-transform error: /Users/sandesara/Desktop/11-03-2026/NeuroX-main(final)/frontend/src/pages/RecruiterDashboard.jsx: Identifier 'Eye' has already been declared. (9:11)

   7 |     Search, Filter, ExternalLink, Zap, Lock, Unlock,
   8 |     MoreVertical, Download, Eye, Terminal, Cpu, Shield,
>  9 |     Clock, Eye, ChevronDown, ChevronUp, AlertTriangle, CheckCircle, XCircle, Monitor, Wifi
     |            ^
  10 | } from "lucide-react";
  11 | import ManualQuestionModal from '../components/ManualQuestionModal';
  12 | import HRCharts from '../components/HRCharts';
12:35:15 AM [vite] Internal server error: /Users/sandesara/Desktop/11-03-2026/NeuroX-main(final)/frontend/src/pages/RecruiterDashboard.jsx: Identifier 'Eye' has already been declared. (9:11)

   7 |     Search, Filter, ExternalLink, Zap, Lock, Unlock,
   8 |     MoreVertical, Download, Eye, Terminal, Cpu, Shield,
>  9 |     Clock, Eye, ChevronDown, ChevronUp, AlertTriangle, CheckCircle, XCircle, Monitor, Wifi
     |            ^
  10 | } from "lucide-react";
  11 | import ManualQuestionModal from '../components/ManualQuestionModal';
  12 | import HRCharts from '../components/HRCharts';
  Plugin: vite:react-babel
  File: /Users/sandesara/Desktop/11-03-2026/NeuroX-main(final)/frontend/src/pages/RecruiterDashboard.jsx:9:11
  7  |      Search, Filter, ExternalLink, Zap, Lock, Unlock,
  8  |      MoreVertical, Download, Eye, Terminal, Cpu, Shield,
  9  |      Clock, Eye, ChevronDown, ChevronUp, AlertTriangle, CheckCircle, XCircle, Monitor, Wifi
     |             ^
  10 |  } from "lucide-react";
  11 |  import ManualQuestionModal from '../components/ManualQuestionModal';
      at constructor (/Users/sandesara/Desktop/11-03-2026/NeuroX-main(final)/frontend/node_modules/@babel/parser/lib/index.js:365:19)
      at JSXParserMixin.raise (/Users/sandesara/Desktop/11-03-2026/NeuroX-main(final)/frontend/node_modules/@babel/parser/lib/index.js:6599:19)
      at ScopeHandler.checkRedeclarationInScope (/Users/sandesara/Desktop/11-03-2026/NeuroX-main(final)/frontend/node_modules/@babel/parser/lib/index.js:1619:19)
      at ScopeHandler.declareName (/Users/sandesara/Desktop/11-03-2026/NeuroX-main(final)/frontend/node_modules/@babel/parser/lib/index.js:1585:12)
      at JSXParserMixin.declareNameFromIdentifier (/Users/sandesara/Desktop/11-03-2026/NeuroX-main(final)/frontend/node_modules/@babel/parser/lib/index.js:7567:16)
      at JSXParserMixin.checkIdentifier (/Users/sandesara/Desktop/11-03-2026/NeuroX-main(final)/frontend/node_modules/@babel/parser/lib/index.js:7563:12)
      at JSXParserMixin.checkLVal (/Users/sandesara/Desktop/11-03-2026/NeuroX-main(final)/frontend/node_modules/@babel/parser/lib/index.js:7500:12)
      at JSXParserMixin.finishImportSpecifier (/Users/sandesara/Desktop/11-03-2026/NeuroX-main(final)/frontend/node_modules/@babel/parser/lib/index.js:14266:10)
      at JSXParserMixin.parseImportSpecifier (/Users/sandesara/Desktop/11-03-2026/NeuroX-main(final)/frontend/node_modules/@babel/parser/lib/index.js:14419:17)
      at JSXParserMixin.parseNamedImportSpecifiers (/Users/sandesara/Desktop/11-03-2026/NeuroX-main(final)/frontend/node_modules/@babel/parser/lib/index.js:14398:36)
      at JSXParserMixin.parseImportSpecifiersAndAfter (/Users/sandesara/Desktop/11-03-2026/NeuroX-main(final)/frontend/node_modules/@babel/parser/lib/index.js:14242:37)
      at JSXParserMixin.parseImport (/Users/sandesara/Desktop/11-03-2026/NeuroX-main(final)/frontend/node_modules/@babel/parser/lib/index.js:14235:17)
      at JSXParserMixin.parseStatementContent (/Users/sandesara/Desktop/11-03-2026/NeuroX-main(final)/frontend/node_modules/@babel/parser/lib/index.js:12876:27)
      at JSXParserMixin.parseStatementLike (/Users/sandesara/Desktop/11-03-2026/NeuroX-main(final)/frontend/node_modules/@babel/parser/lib/index.js:12767:17)
      at JSXParserMixin.parseModuleItem (/Users/sandesara/Desktop/11-03-2026/NeuroX-main(final)/frontend/node_modules/@babel/parser/lib/index.js:12744:17)
      at JSXParserMixin.parseBlockOrModuleBlockBody (/Users/sandesara/Desktop/11-03-2026/NeuroX-main(final)/frontend/node_modules/@babel/parser/lib/index.js:13316:36)
      at JSXParserMixin.parseBlockBody (/Users/sandesara/Desktop/11-03-2026/NeuroX-main(final)/frontend/node_modules/@babel/parser/lib/index.js:13309:10)
      at JSXParserMixin.parseProgram (/Users/sandesara/Desktop/11-03-2026/NeuroX-main(final)/frontend/node_modules/@babel/parser/lib/index.js:12622:10)
      at JSXParserMixin.parseTopLevel (/Users/sandesara/Desktop/11-03-2026/NeuroX-main(final)/frontend/node_modules/@babel/parser/lib/index.js:12612:25)
      at JSXParserMixin.parse (/Users/sandesara/Desktop/11-03-2026/NeuroX-main(final)/frontend/node_modules/@babel/parser/lib/index.js:14488:25)
      at parse (/Users/sandesara/Desktop/11-03-2026/NeuroX-main(final)/frontend/node_modules/@babel/parser/lib/index.js:14522:38)
      at parser (/Users/sandesara/Desktop/11-03-2026/NeuroX-main(final)/frontend/node_modules/@babel/core/lib/parser/index.js:41:34)
      at parser.next (<anonymous>)
      at normalizeFile (/Users/sandesara/Desktop/11-03-2026/NeuroX-main(final)/frontend/node_modules/@babel/core/lib/transformation/normalize-file.js:64:37)
      at normalizeFile.next (<anonymous>)
      at run (/Users/sandesara/Desktop/11-03-2026/NeuroX-main(final)/frontend/node_modules/@babel/core/lib/transformation/index.js:22:50)
      at run.next (<anonymous>)
      at transform (/Users/sandesara/Desktop/11-03-2026/NeuroX-main(final)/frontend/node_modules/@babel/core/lib/transform.js:22:33)
      at transform.next (<anonymous>)
      at step (/Users/sandesara/Desktop/11-03-2026/NeuroX-main(final)/frontend/node_modules/gensync/index.js:261:32)
      at /Users/sandesara/Desktop/11-03-2026/NeuroX-main(final)/frontend/node_modules/gensync/index.js:273:13
      at async.call.result.err.err (/Users/sandesara/Desktop/11-03-2026/NeuroX-main(final)/frontend/node_modules/gensync/index.js:223:11)
      at /Users/sandesara/Desktop/11-03-2026/NeuroX-main(final)/frontend/node_modules/gensync/index.js:189:28
      at /Users/sandesara/Desktop/11-03-2026/NeuroX-main(final)/frontend/node_modules/@babel/core/lib/gensync-utils/async.js:67:7
      at /Users/sandesara/Desktop/11-03-2026/NeuroX-main(final)/frontend/node_modules/gensync/index.js:113:33
      at step (/Users/sandesara/Desktop/11-03-2026/NeuroX-main(final)/frontend/node_modules/gensync/index.js:287:14)
      at /Users/sandesara/Desktop/11-03-2026/NeuroX-main(final)/frontend/node_modules/gensync/index.js:273:13
      at async.call.result.err.err (/Users/sandesara/Desktop/11-03-2026/NeuroX-main(final)/frontend/node_modules/gensync/index.js:223:11)
12:35:23 AM [vite] Internal server error: /Users/sandesara/Desktop/11-03-2026/NeuroX-main(final)/frontend/src/pages/RecruiterDashboard.jsx: Identifier 'Eye' has already been declared. (9:11)

   7 |     Search, Filter, ExternalLink, Zap, Lock, Unlock,
   8 |     MoreVertical, Download, Eye, Terminal, Cpu, Shield,
>  9 |     Clock, Eye, ChevronDown, ChevronUp, AlertTriangle, CheckCircle, XCircle, Monitor, Wifi
     |            ^
  10 | } from "lucide-react";
  11 | import ManualQuestionModal from '../components/ManualQuestionModal';
  12 | import HRCharts from '../components/HRCharts';
  Plugin: vite:react-babel
  File: /Users/sandesara/Desktop/11-03-2026/NeuroX-main(final)/frontend/src/pages/RecruiterDashboard.jsx:9:11
  7  |      Search, Filter, ExternalLink, Zap, Lock, Unlock,
  8  |      MoreVertical, Download, Eye, Terminal, Cpu, Shield,
  9  |      Clock, Eye, ChevronDown, ChevronUp, AlertTriangle, CheckCircle, XCircle, Monitor, Wifi
     |             ^
  10 |  } from "lucide-react";
  11 |  import ManualQuestionModal from '../components/ManualQuestionModal';
      at constructor (/Users/sandesara/Desktop/11-03-2026/NeuroX-main(final)/frontend/node_modules/@babel/parser/lib/index.js:365:19)
      at JSXParserMixin.raise (/Users/sandesara/Desktop/11-03-2026/NeuroX-main(final)/frontend/node_modules/@babel/parser/lib/index.js:6599:19)
      at ScopeHandler.checkRedeclarationInScope (/Users/sandesara/Desktop/11-03-2026/NeuroX-main(final)/frontend/node_modules/@babel/parser/lib/index.js:1619:19)
      at ScopeHandler.declareName (/Users/sandesara/Desktop/11-03-2026/NeuroX-main(final)/frontend/node_modules/@babel/parser/lib/index.js:1585:12)
      at JSXParserMixin.declareNameFromIdentifier (/Users/sandesara/Desktop/11-03-2026/NeuroX-main(final)/frontend/node_modules/@babel/parser/lib/index.js:7567:16)
      at JSXParserMixin.checkIdentifier (/Users/sandesara/Desktop/11-03-2026/NeuroX-main(final)/frontend/node_modules/@babel/parser/lib/index.js:7563:12)
      at JSXParserMixin.checkLVal (/Users/sandesara/Desktop/11-03-2026/NeuroX-main(final)/frontend/node_modules/@babel/parser/lib/index.js:7500:12)
      at JSXParserMixin.finishImportSpecifier (/Users/sandesara/Desktop/11-03-2026/NeuroX-main(final)/frontend/node_modules/@babel/parser/lib/index.js:14266:10)
      at JSXParserMixin.parseImportSpecifier (/Users/sandesara/Desktop/11-03-2026/NeuroX-main(final)/frontend/node_modules/@babel/parser/lib/index.js:14419:17)
      at JSXParserMixin.parseNamedImportSpecifiers (/Users/sandesara/Desktop/11-03-2026/NeuroX-main(final)/frontend/node_modules/@babel/parser/lib/index.js:14398:36)
      at JSXParserMixin.parseImportSpecifiersAndAfter (/Users/sandesara/Desktop/11-03-2026/NeuroX-main(final)/frontend/node_modules/@babel/parser/lib/index.js:14242:37)
      at JSXParserMixin.parseImport (/Users/sandesara/Desktop/11-03-2026/NeuroX-main(final)/frontend/node_modules/@babel/parser/lib/index.js:14235:17)
      at JSXParserMixin.parseStatementContent (/Users/sandesara/Desktop/11-03-2026/NeuroX-main(final)/frontend/node_modules/@babel/parser/lib/index.js:12876:27)
      at JSXParserMixin.parseStatementLike (/Users/sandesara/Desktop/11-03-2026/NeuroX-main(final)/frontend/node_modules/@babel/parser/lib/index.js:12767:17)
      at JSXParserMixin.parseModuleItem (/Users/sandesara/Desktop/11-03-2026/NeuroX-main(final)/frontend/node_modules/@babel/parser/lib/index.js:12744:17)
      at JSXParserMixin.parseBlockOrModuleBlockBody (/Users/sandesara/Desktop/11-03-2026/NeuroX-main(final)/frontend/node_modules/@babel/parser/lib/index.js:13316:36)
      at JSXParserMixin.parseBlockBody (/Users/sandesara/Desktop/11-03-2026/NeuroX-main(final)/frontend/node_modules/@babel/parser/lib/index.js:13309:10)
      at JSXParserMixin.parseProgram (/Users/sandesara/Desktop/11-03-2026/NeuroX-main(final)/frontend/node_modules/@babel/parser/lib/index.js:12622:10)
      at JSXParserMixin.parseTopLevel (/Users/sandesara/Desktop/11-03-2026/NeuroX-main(final)/frontend/node_modules/@babel/parser/lib/index.js:12612:25)
      at JSXParserMixin.parse (/Users/sandesara/Desktop/11-03-2026/NeuroX-main(final)/frontend/node_modules/@babel/parser/lib/index.js:14488:25)
      at parse (/Users/sandesara/Desktop/11-03-2026/NeuroX-main(final)/frontend/node_modules/@babel/parser/lib/index.js:14522:38)
      at parser (/Users/sandesara/Desktop/11-03-2026/NeuroX-main(final)/frontend/node_modules/@babel/core/lib/parser/index.js:41:34)
      at parser.next (<anonymous>)
      at normalizeFile (/Users/sandesara/Desktop/11-03-2026/NeuroX-main(final)/frontend/node_modules/@babel/core/lib/transformation/normalize-file.js:64:37)
      at normalizeFile.next (<anonymous>)
      at run (/Users/sandesara/Desktop/11-03-2026/NeuroX-main(final)/frontend/node_modules/@babel/core/lib/transformation/index.js:22:50)
      at run.next (<anonymous>)
      at transform (/Users/sandesara/Desktop/11-03-2026/NeuroX-main(final)/frontend/node_modules/@babel/core/lib/transform.js:22:33)
      at transform.next (<anonymous>)
      at step (/Users/sandesara/Desktop/11-03-2026/NeuroX-main(final)/frontend/node_modules/gensync/index.js:261:32)
      at /Users/sandesara/Desktop/11-03-2026/NeuroX-main(final)/frontend/node_modules/gensync/index.js:273:13
      at async.call.result.err.err (/Users/sandesara/Desktop/11-03-2026/NeuroX-main(final)/frontend/node_modules/gensync/index.js:223:11)
      at /Users/sandesara/Desktop/11-03-2026/NeuroX-main(final)/frontend/node_modules/gensync/index.js:189:28
      at /Users/sandesara/Desktop/11-03-2026/NeuroX-main(final)/frontend/node_modules/@babel/core/lib/gensync-utils/async.js:67:7
      at /Users/sandesara/Desktop/11-03-2026/NeuroX-main(final)/frontend/node_modules/gensync/index.js:113:33
      at step (/Users/sandesara/Desktop/11-03-2026/NeuroX-main(final)/frontend/node_modules/gensync/index.js:287:14)
      at /Users/sandesara/Desktop/11-03-2026/NeuroX-main(final)/frontend/node_modules/gensync/index.js:273:13
      at async.call.result.err.err (/Users/sandesara/Desktop/11-03-2026/NeuroX-main(final)/frontend/node_modules/gensync/index.js:223:11)
12:35:44 AM [vite] hmr update /src/pages/RecruiterDashboard.jsx, /src/index.css
